Obtaining file:///home/ubuntu/automation/artifacts/runs/20250809_004750/repo_httpie
  Preparing metadata (setup.py): started
  Preparing metadata (setup.py): finished with status 'done'
Requirement already satisfied: pip in /home/ubuntu/automation/.venv/lib/python3.12/site-packages (from httpie==3.2.4) (25.2)
Requirement already satisfied: charset_normalizer>=2.0.0 in /home/ubuntu/automation/.venv/lib/python3.12/site-packages (from httpie==3.2.4) (3.4.2)
Collecting defusedxml>=0.6.0 (from httpie==3.2.4)
  Downloading defusedxml-0.7.1-py2.py3-none-any.whl.metadata (32 kB)
Requirement already satisfied: requests>=2.22.0 in /home/ubuntu/automation/.venv/lib/python3.12/site-packages (from requests[socks]>=2.22.0->httpie==3.2.4) (2.32.4)
Requirement already satisfied: Pygments>=2.5.2 in /home/ubuntu/automation/.venv/lib/python3.12/site-packages (from httpie==3.2.4) (2.19.2)
Collecting requests-toolbelt>=0.9.1 (from httpie==3.2.4)
  Downloading requests_toolbelt-1.0.0-py2.py3-none-any.whl.metadata (14 kB)
Collecting multidict>=4.7.0 (from httpie==3.2.4)
  Downloading multidict-6.6.3-cp312-cp312-manylinux2014_x86_64.manylinux_2_17_x86_64.manylinux_2_28_x86_64.whl.metadata (5.3 kB)
Requirement already satisfied: setuptools in /home/ubuntu/automation/.venv/lib/python3.12/site-packages (from httpie==3.2.4) (80.9.0)
Requirement already satisfied: rich>=9.10.0 in /home/ubuntu/automation/.venv/lib/python3.12/site-packages (from httpie==3.2.4) (13.9.4)
Requirement already satisfied: pytest in /home/ubuntu/automation/.venv/lib/python3.12/site-packages (from httpie==3.2.4) (8.2.0)
Collecting pytest-httpbin>=0.0.6 (from httpie==3.2.4)
  Downloading pytest_httpbin-2.1.0-py3-none-any.whl.metadata (2.3 kB)
Collecting responses (from httpie==3.2.4)
  Downloading responses-0.25.8-py3-none-any.whl.metadata (47 kB)
Collecting pytest-mock (from httpie==3.2.4)
  Downloading pytest_mock-3.14.1-py3-none-any.whl.metadata (3.9 kB)
Collecting werkzeug<2.1.0 (from httpie==3.2.4)
  Downloading Werkzeug-2.0.3-py3-none-any.whl.metadata (4.5 kB)
Collecting flake8 (from httpie==3.2.4)
  Downloading flake8-7.3.0-py2.py3-none-any.whl.metadata (3.8 kB)
Collecting flake8-comprehensions (from httpie==3.2.4)
  Downloading flake8_comprehensions-3.16.0-py3-none-any.whl.metadata (12 kB)
Collecting flake8-deprecated (from httpie==3.2.4)
  Downloading flake8_deprecated-2.2.1-py3-none-any.whl.metadata (23 kB)
Collecting flake8-mutable (from httpie==3.2.4)
  Downloading flake8-mutable-1.2.0.tar.gz (3.0 kB)
  Preparing metadata (setup.py): started
  Preparing metadata (setup.py): finished with status 'done'
Collecting flake8-tuple (from httpie==3.2.4)
  Downloading flake8_tuple-0.4.1-py2.py3-none-any.whl.metadata (2.9 kB)
Collecting pyopenssl (from httpie==3.2.4)
  Downloading pyopenssl-25.1.0-py3-none-any.whl.metadata (17 kB)
Collecting pytest-cov (from httpie==3.2.4)
  Downloading pytest_cov-6.2.1-py3-none-any.whl.metadata (30 kB)
Requirement already satisfied: pyyaml in /home/ubuntu/automation/.venv/lib/python3.12/site-packages (from httpie==3.2.4) (6.0.1)
Collecting twine (from httpie==3.2.4)
  Downloading twine-6.1.0-py3-none-any.whl.metadata (3.7 kB)
Requirement already satisfied: wheel in /home/ubuntu/automation/.venv/lib/python3.12/site-packages (from httpie==3.2.4) (0.45.1)
Requirement already satisfied: Jinja2 in /home/ubuntu/automation/.venv/lib/python3.12/site-packages (from httpie==3.2.4) (3.1.6)
Collecting httpbin (from pytest-httpbin>=0.0.6->httpie==3.2.4)
  Downloading httpbin-0.10.2-py2.py3-none-any.whl.metadata (6.2 kB)
Requirement already satisfied: idna<4,>=2.5 in /home/ubuntu/automation/.venv/lib/python3.12/site-packages (from requests>=2.22.0->requests[socks]>=2.22.0->httpie==3.2.4) (3.10)
Requirement already satisfied: urllib3<3,>=1.21.1 in /home/ubuntu/automation/.venv/lib/python3.12/site-packages (from requests>=2.22.0->requests[socks]>=2.22.0->httpie==3.2.4) (2.5.0)
Requirement already satisfied: certifi>=2017.4.17 in /home/ubuntu/automation/.venv/lib/python3.12/site-packages (from requests>=2.22.0->requests[socks]>=2.22.0->httpie==3.2.4) (2025.8.3)
Collecting PySocks!=1.5.7,>=1.5.6 (from requests[socks]>=2.22.0->httpie==3.2.4)
  Downloading PySocks-1.7.1-py3-none-any.whl.metadata (13 kB)
Requirement already satisfied: markdown-it-py>=2.2.0 in /home/ubuntu/automation/.venv/lib/python3.12/site-packages (from rich>=9.10.0->httpie==3.2.4) (3.0.0)
Requirement already satisfied: mdurl~=0.1 in /home/ubuntu/automation/.venv/lib/python3.12/site-packages (from markdown-it-py>=2.2.0->rich>=9.10.0->httpie==3.2.4) (0.1.2)
Collecting mccabe<0.8.0,>=0.7.0 (from flake8->httpie==3.2.4)
  Downloading mccabe-0.7.0-py2.py3-none-any.whl.metadata (5.0 kB)
Collecting pycodestyle<2.15.0,>=2.14.0 (from flake8->httpie==3.2.4)
  Downloading pycodestyle-2.14.0-py2.py3-none-any.whl.metadata (4.5 kB)
Collecting pyflakes<3.5.0,>=3.4.0 (from flake8->httpie==3.2.4)
  Downloading pyflakes-3.4.0-py2.py3-none-any.whl.metadata (3.5 kB)
Requirement already satisfied: six in /home/ubuntu/automation/.venv/lib/python3.12/site-packages (from flake8-tuple->httpie==3.2.4) (1.17.0)
Collecting brotlicffi (from httpbin->pytest-httpbin>=0.0.6->httpie==3.2.4)
  Downloading brotlicffi-1.1.0.0-cp37-abi3-manylinux_2_17_x86_64.manylinux2014_x86_64.whl.metadata (5.7 kB)
Collecting decorator (from httpbin->pytest-httpbin>=0.0.6->httpie==3.2.4)
  Downloading decorator-5.2.1-py3-none-any.whl.metadata (3.9 kB)
Collecting flasgger (from httpbin->pytest-httpbin>=0.0.6->httpie==3.2.4)
  Downloading flasgger-0.9.7.1.tar.gz (4.0 MB)
     ━━━━━━━━━━━━━━━━━━━━━━━━━━━━━━━━━━━━━━━━ 4.0/4.0 MB 108.1 MB/s  0:00:00
  Preparing metadata (setup.py): started
  Preparing metadata (setup.py): finished with status 'done'
Collecting flask>=2.2.4 (from httpbin->pytest-httpbin>=0.0.6->httpie==3.2.4)
  Downloading flask-3.1.1-py3-none-any.whl.metadata (3.0 kB)
INFO: pip is looking at multiple versions of httpbin to determine which version is compatible with other requirements. This could take a while.
Collecting httpbin (from pytest-httpbin>=0.0.6->httpie==3.2.4)
  Downloading httpbin-0.10.1-py2.py3-none-any.whl.metadata (6.1 kB)
Collecting greenlet>=3.0.0a1 (from httpbin->pytest-httpbin>=0.0.6->httpie==3.2.4)
  Downloading greenlet-3.2.4-cp312-cp312-manylinux_2_24_x86_64.manylinux_2_28_x86_64.whl.metadata (4.1 kB)
Collecting cffi>=1.0.0 (from brotlicffi->httpbin->pytest-httpbin>=0.0.6->httpie==3.2.4)
  Downloading cffi-1.17.1-cp312-cp312-manylinux_2_17_x86_64.manylinux2014_x86_64.whl.metadata (1.5 kB)
Collecting pycparser (from cffi>=1.0.0->brotlicffi->httpbin->pytest-httpbin>=0.0.6->httpie==3.2.4)
  Downloading pycparser-2.22-py3-none-any.whl.metadata (943 bytes)
Requirement already satisfied: jsonschema>=3.0.1 in /home/ubuntu/automation/.venv/lib/python3.12/site-packages (from flasgger->httpbin->pytest-httpbin>=0.0.6->httpie==3.2.4) (4.25.0)
Collecting mistune (from flasgger->httpbin->pytest-httpbin>=0.0.6->httpie==3.2.4)
  Downloading mistune-3.1.3-py3-none-any.whl.metadata (1.8 kB)
Requirement already satisfied: packaging in /home/ubuntu/automation/.venv/lib/python3.12/site-packages (from flasgger->httpbin->pytest-httpbin>=0.0.6->httpie==3.2.4) (24.2)
Requirement already satisfied: blinker>=1.9.0 in /home/ubuntu/automation/.venv/lib/python3.12/site-packages (from flask>=2.2.4->httpbin->pytest-httpbin>=0.0.6->httpie==3.2.4) (1.9.0)
Requirement already satisfied: click>=8.1.3 in /home/ubuntu/automation/.venv/lib/python3.12/site-packages (from flask>=2.2.4->httpbin->pytest-httpbin>=0.0.6->httpie==3.2.4) (8.2.1)
Collecting itsdangerous>=2.2.0 (from flask>=2.2.4->httpbin->pytest-httpbin>=0.0.6->httpie==3.2.4)
  Downloading itsdangerous-2.2.0-py3-none-any.whl.metadata (1.9 kB)
Requirement already satisfied: markupsafe>=2.1.1 in /home/ubuntu/automation/.venv/lib/python3.12/site-packages (from flask>=2.2.4->httpbin->pytest-httpbin>=0.0.6->httpie==3.2.4) (3.0.2)
INFO: pip is looking at multiple versions of flask to determine which version is compatible with other requirements. This could take a while.
Collecting Flask (from httpbin->pytest-httpbin>=0.0.6->httpie==3.2.4)
  Downloading flask-3.1.0-py3-none-any.whl.metadata (2.7 kB)
  Downloading flask-3.0.3-py3-none-any.whl.metadata (3.2 kB)
  Downloading flask-3.0.2-py3-none-any.whl.metadata (3.6 kB)
  Downloading flask-3.0.1-py3-none-any.whl.metadata (3.6 kB)
  Downloading flask-3.0.0-py3-none-any.whl.metadata (3.6 kB)
  Downloading flask-2.3.3-py3-none-any.whl.metadata (3.6 kB)
  Downloading Flask-2.3.2-py3-none-any.whl.metadata (3.7 kB)
INFO: pip is still looking at multiple versions of flask to determine which version is compatible with other requirements. This could take a while.
  Downloading Flask-2.3.1-py3-none-any.whl.metadata (3.7 kB)
  Downloading Flask-2.3.0-py3-none-any.whl.metadata (3.7 kB)
  Downloading Flask-2.2.5-py3-none-any.whl.metadata (3.9 kB)
  Downloading Flask-2.2.4-py3-none-any.whl.metadata (3.9 kB)
  Downloading Flask-2.2.3-py3-none-any.whl.metadata (3.9 kB)
INFO: This is taking longer than usual. You might need to provide the dependency resolver with stricter constraints to reduce runtime. See https://pip.pypa.io/warnings/backtracking for guidance. If you want to abort this run, press Ctrl + C.
  Downloading Flask-2.2.2-py3-none-any.whl.metadata (3.9 kB)
  Downloading Flask-2.2.1-py3-none-any.whl.metadata (3.9 kB)
  Downloading Flask-2.2.0-py3-none-any.whl.metadata (3.9 kB)
  Downloading Flask-2.1.3-py3-none-any.whl.metadata (3.9 kB)
Requirement already satisfied: attrs>=22.2.0 in /home/ubuntu/automation/.venv/lib/python3.12/site-packages (from jsonschema>=3.0.1->flasgger->httpbin->pytest-httpbin>=0.0.6->httpie==3.2.4) (25.3.0)
Requirement already satisfied: jsonschema-specifications>=2023.03.6 in /home/ubuntu/automation/.venv/lib/python3.12/site-packages (from jsonschema>=3.0.1->flasgger->httpbin->pytest-httpbin>=0.0.6->httpie==3.2.4) (2025.4.1)
Requirement already satisfied: referencing>=0.28.4 in /home/ubuntu/automation/.venv/lib/python3.12/site-packages (from jsonschema>=3.0.1->flasgger->httpbin->pytest-httpbin>=0.0.6->httpie==3.2.4) (0.36.2)
Requirement already satisfied: rpds-py>=0.7.1 in /home/ubuntu/automation/.venv/lib/python3.12/site-packages (from jsonschema>=3.0.1->flasgger->httpbin->pytest-httpbin>=0.0.6->httpie==3.2.4) (0.26.0)
Requirement already satisfied: typing-extensions>=4.4.0 in /home/ubuntu/automation/.venv/lib/python3.12/site-packages (from referencing>=0.28.4->jsonschema>=3.0.1->flasgger->httpbin->pytest-httpbin>=0.0.6->httpie==3.2.4) (4.14.1)
Collecting cryptography<46,>=41.0.5 (from pyopenssl->httpie==3.2.4)
  Downloading cryptography-45.0.6-cp311-abi3-manylinux_2_34_x86_64.whl.metadata (5.7 kB)
Requirement already satisfied: iniconfig in /home/ubuntu/automation/.venv/lib/python3.12/site-packages (from pytest->httpie==3.2.4) (2.1.0)
Requirement already satisfied: pluggy<2.0,>=1.5 in /home/ubuntu/automation/.venv/lib/python3.12/site-packages (from pytest->httpie==3.2.4) (1.6.0)
Collecting coverage>=7.5 (from coverage[toml]>=7.5->pytest-cov->httpie==3.2.4)
  Downloading coverage-7.10.2-cp312-cp312-manylinux1_x86_64.manylinux_2_28_x86_64.manylinux_2_5_x86_64.whl.metadata (8.9 kB)
Collecting readme-renderer>=35.0 (from twine->httpie==3.2.4)
  Downloading readme_renderer-44.0-py3-none-any.whl.metadata (2.8 kB)
Collecting keyring>=15.1 (from twine->httpie==3.2.4)
  Downloading keyring-25.6.0-py3-none-any.whl.metadata (20 kB)
Collecting rfc3986>=1.4.0 (from twine->httpie==3.2.4)
  Downloading rfc3986-2.0.0-py2.py3-none-any.whl.metadata (6.6 kB)
Collecting id (from twine->httpie==3.2.4)
  Downloading id-1.5.0-py3-none-any.whl.metadata (5.2 kB)
Collecting SecretStorage>=3.2 (from keyring>=15.1->twine->httpie==3.2.4)
  Downloading SecretStorage-3.3.3-py3-none-any.whl.metadata (4.0 kB)
Collecting jeepney>=0.4.2 (from keyring>=15.1->twine->httpie==3.2.4)
  Downloading jeepney-0.9.0-py3-none-any.whl.metadata (1.2 kB)
Collecting jaraco.classes (from keyring>=15.1->twine->httpie==3.2.4)
  Downloading jaraco.classes-3.4.0-py3-none-any.whl.metadata (2.6 kB)
Collecting jaraco.functools (from keyring>=15.1->twine->httpie==3.2.4)
  Downloading jaraco_functools-4.2.1-py3-none-any.whl.metadata (2.9 kB)
Collecting jaraco.context (from keyring>=15.1->twine->httpie==3.2.4)
  Downloading jaraco.context-6.0.1-py3-none-any.whl.metadata (4.1 kB)
Collecting nh3>=0.2.14 (from readme-renderer>=35.0->twine->httpie==3.2.4)
  Downloading nh3-0.3.0-cp38-abi3-manylinux_2_17_x86_64.manylinux2014_x86_64.whl.metadata (2.0 kB)
Collecting docutils>=0.21.2 (from readme-renderer>=35.0->twine->httpie==3.2.4)
  Downloading docutils-0.22-py3-none-any.whl.metadata (15 kB)
Collecting more-itertools (from jaraco.classes->keyring>=15.1->twine->httpie==3.2.4)
  Downloading more_itertools-10.7.0-py3-none-any.whl.metadata (37 kB)
Downloading Werkzeug-2.0.3-py3-none-any.whl (289 kB)
Downloading defusedxml-0.7.1-py2.py3-none-any.whl (25 kB)
Downloading multidict-6.6.3-cp312-cp312-manylinux2014_x86_64.manylinux_2_17_x86_64.manylinux_2_28_x86_64.whl (256 kB)
Downloading pytest_httpbin-2.1.0-py3-none-any.whl (8.3 kB)
Downloading requests_toolbelt-1.0.0-py2.py3-none-any.whl (54 kB)
Downloading PySocks-1.7.1-py3-none-any.whl (16 kB)
Downloading flake8-7.3.0-py2.py3-none-any.whl (57 kB)
Downloading mccabe-0.7.0-py2.py3-none-any.whl (7.3 kB)
Downloading pycodestyle-2.14.0-py2.py3-none-any.whl (31 kB)
Downloading pyflakes-3.4.0-py2.py3-none-any.whl (63 kB)
Downloading flake8_comprehensions-3.16.0-py3-none-any.whl (8.2 kB)
Downloading flake8_deprecated-2.2.1-py3-none-any.whl (17 kB)
Downloading flake8_tuple-0.4.1-py2.py3-none-any.whl (5.1 kB)
Downloading httpbin-0.10.1-py2.py3-none-any.whl (100 kB)
Downloading greenlet-3.2.4-cp312-cp312-manylinux_2_24_x86_64.manylinux_2_28_x86_64.whl (607 kB)
   ━━━━━━━━━━━━━━━━━━━━━━━━━━━━━━━━━━━━━━━━ 607.6/607.6 kB 20.4 MB/s  0:00:00
Downloading brotlicffi-1.1.0.0-cp37-abi3-manylinux_2_17_x86_64.manylinux2014_x86_64.whl (2.9 MB)
   ━━━━━━━━━━━━━━━━━━━━━━━━━━━━━━━━━━━━━━━━ 2.9/2.9 MB 102.3 MB/s  0:00:00
Downloading cffi-1.17.1-cp312-cp312-manylinux_2_17_x86_64.manylinux2014_x86_64.whl (479 kB)
Downloading decorator-5.2.1-py3-none-any.whl (9.2 kB)
Downloading Flask-2.1.3-py3-none-any.whl (95 kB)
Downloading itsdangerous-2.2.0-py3-none-any.whl (16 kB)
Downloading mistune-3.1.3-py3-none-any.whl (53 kB)
Downloading pycparser-2.22-py3-none-any.whl (117 kB)
Downloading pyopenssl-25.1.0-py3-none-any.whl (56 kB)
Downloading cryptography-45.0.6-cp311-abi3-manylinux_2_34_x86_64.whl (4.5 MB)
   ━━━━━━━━━━━━━━━━━━━━━━━━━━━━━━━━━━━━━━━━ 4.5/4.5 MB 77.6 MB/s  0:00:00
Downloading pytest_cov-6.2.1-py3-none-any.whl (24 kB)
Downloading coverage-7.10.2-cp312-cp312-manylinux1_x86_64.manylinux_2_28_x86_64.manylinux_2_5_x86_64.whl (248 kB)
Downloading pytest_mock-3.14.1-py3-none-any.whl (9.9 kB)
Downloading responses-0.25.8-py3-none-any.whl (34 kB)
Downloading twine-6.1.0-py3-none-any.whl (40 kB)
Downloading keyring-25.6.0-py3-none-any.whl (39 kB)
Downloading jeepney-0.9.0-py3-none-any.whl (49 kB)
Downloading readme_renderer-44.0-py3-none-any.whl (13 kB)
Downloading docutils-0.22-py3-none-any.whl (630 kB)
   ━━━━━━━━━━━━━━━━━━━━━━━━━━━━━━━━━━━━━━━━ 630.7/630.7 kB 38.5 MB/s  0:00:00
Downloading nh3-0.3.0-cp38-abi3-manylinux_2_17_x86_64.manylinux2014_x86_64.whl (803 kB)
   ━━━━━━━━━━━━━━━━━━━━━━━━━━━━━━━━━━━━━━━━ 804.0/804.0 kB 46.0 MB/s  0:00:00
Downloading rfc3986-2.0.0-py2.py3-none-any.whl (31 kB)
Downloading SecretStorage-3.3.3-py3-none-any.whl (15 kB)
Downloading id-1.5.0-py3-none-any.whl (13 kB)
Downloading jaraco.classes-3.4.0-py3-none-any.whl (6.8 kB)
Downloading jaraco.context-6.0.1-py3-none-any.whl (6.8 kB)
Downloading jaraco_functools-4.2.1-py3-none-any.whl (10 kB)
Downloading more_itertools-10.7.0-py3-none-any.whl (65 kB)
Building wheels for collected packages: flake8-mutable, flasgger
  DEPRECATION: Building 'flake8-mutable' using the legacy setup.py bdist_wheel mechanism, which will be removed in a future version. pip 25.3 will enforce this behaviour change. A possible replacement is to use the standardized build interface by setting the `--use-pep517` option, (possibly combined with `--no-build-isolation`), or adding a `pyproject.toml` file to the source tree of 'flake8-mutable'. Discussion can be found at https://github.com/pypa/pip/issues/6334
  Building wheel for flake8-mutable (setup.py): started
  Building wheel for flake8-mutable (setup.py): finished with status 'done'
  Created wheel for flake8-mutable: filename=flake8_mutable-1.2.0-py3-none-any.whl size=3382 sha256=5d7929034b7a5c5669cbdef600579a881b7d1aca1cd8f0d7301bcde3f3cca552
  Stored in directory: /home/ubuntu/.cache/pip/wheels/21/1e/60/0c66e489269c656fbedc543562c906df4113876cda4d592ef7
  DEPRECATION: Building 'flasgger' using the legacy setup.py bdist_wheel mechanism, which will be removed in a future version. pip 25.3 will enforce this behaviour change. A possible replacement is to use the standardized build interface by setting the `--use-pep517` option, (possibly combined with `--no-build-isolation`), or adding a `pyproject.toml` file to the source tree of 'flasgger'. Discussion can be found at https://github.com/pypa/pip/issues/6334
  Building wheel for flasgger (setup.py): started
  Building wheel for flasgger (setup.py): finished with status 'done'
  Created wheel for flasgger: filename=flasgger-0.9.7.1-py2.py3-none-any.whl size=3865268 sha256=8efe9e10092ebb95872ea1f914b9698db104d971b42fda65bf71c11bcda0c6c2
  Stored in directory: /home/ubuntu/.cache/pip/wheels/60/a4/b2/76a769725ac2f2c543a6286cddf2bd55b425a9ada6a8f86253
Successfully built flake8-mutable flasgger
Installing collected packages: werkzeug, rfc3986, PySocks, pyflakes, pycparser, pycodestyle, nh3, multidict, more-itertools, mistune, mccabe, jeepney, jaraco.context, itsdangerous, greenlet, docutils, defusedxml, decorator, coverage, responses, requests-toolbelt, readme-renderer, pytest-mock, jaraco.functools, jaraco.classes, id, Flask, flake8, cffi, pytest-cov, httpie, flake8-tuple, flake8-mutable, flake8-deprecated, flake8-comprehensions, cryptography, brotlicffi, SecretStorage, pyopenssl, flasgger, keyring, httpbin, twine, pytest-httpbin
  DEPRECATION: Legacy editable install of httpie[dev]==3.2.4 from file:///home/ubuntu/automation/artifacts/runs/20250809_004750/repo_httpie (setup.py develop) is deprecated. pip 25.3 will enforce this behaviour change. A possible replacement is to add a pyproject.toml or enable --use-pep517, and use setuptools >= 64. If the resulting installation is not behaving as expected, try using --config-settings editable_mode=compat. Please consult the setuptools documentation for more information. Discussion can be found at https://github.com/pypa/pip/issues/11457
  Running setup.py develop for httpie

Successfully installed Flask-2.1.3 PySocks-1.7.1 SecretStorage-3.3.3 brotlicffi-1.1.0.0 cffi-1.17.1 coverage-7.10.2 cryptography-45.0.6 decorator-5.2.1 defusedxml-0.7.1 docutils-0.22 flake8-7.3.0 flake8-comprehensions-3.16.0 flake8-deprecated-2.2.1 flake8-mutable-1.2.0 flake8-tuple-0.4.1 flasgger-0.9.7.1 greenlet-3.2.4 httpbin-0.10.1 httpie-3.2.4 id-1.5.0 itsdangerous-2.2.0 jaraco.classes-3.4.0 jaraco.context-6.0.1 jaraco.functools-4.2.1 jeepney-0.9.0 keyring-25.6.0 mccabe-0.7.0 mistune-3.1.3 more-itertools-10.7.0 multidict-6.6.3 nh3-0.3.0 pycodestyle-2.14.0 pycparser-2.22 pyflakes-3.4.0 pyopenssl-25.1.0 pytest-cov-6.2.1 pytest-httpbin-2.1.0 pytest-mock-3.14.1 readme-renderer-44.0 requests-toolbelt-1.0.0 responses-0.25.8 rfc3986-2.0.0 twine-6.1.0 werkzeug-2.0.3
